Flow report for digital_tube
Fri Sep 30 19:04:40 2022
Quartus II 64-Bit Version 13.1.0 Build 162 10/23/2013 SJ Full Version


---------------------
; Table of Contents ;
---------------------
  1. Legal Notice
  2. Flow Summary
  3. Flow Settings
  4. Flow Non-Default Global Settings
  5. Flow Elapsed Time
  6. Flow OS Summary
  7. Flow Log
  8. Flow Messages
  9. Flow Suppressed Messages



----------------
; Legal Notice ;
----------------
Copyright (C) 1991-2013 Altera Corporation
Your use of Altera Corporation's design tools, logic functions 
and other software and tools, and its AMPP partner logic 
functions, and any output files from any of the foregoing 
(including device programming or simulation files), and any 
associated documentation or information are expressly subject 
to the terms and conditions of the Altera Program License 
Subscription Agreement, Altera MegaCore Function License 
Agreement, or other applicable license agreement, including, 
without limitation, that your use is for the sole purpose of 
programming logic devices manufactured by Altera and sold by 
Altera or its authorized distributors.  Please refer to the 
applicable agreement for further details.



+-------------------------------------------------------------------------------+
; Flow Summary                                                                  ;
+---------------------------------+---------------------------------------------+
; Flow Status                     ; Successful - Fri Sep 30 19:04:40 2022       ;
; Quartus II 64-Bit Version       ; 13.1.0 Build 162 10/23/2013 SJ Full Version ;
; Revision Name                   ; digital_tube                                ;
; Top-level Entity Name           ; digital_tube                                ;
; Family                          ; Cyclone V                                   ;
; Device                          ; 5CSEMA5F31C6                                ;
; Timing Models                   ; Preliminary                                 ;
; Logic utilization (in ALMs)     ; 35 / 32,070 ( < 1 % )                       ;
; Total registers                 ; 42                                          ;
; Total pins                      ; 14 / 457 ( 3 % )                            ;
; Total virtual pins              ; 0                                           ;
; Total block memory bits         ; 0 / 4,065,280 ( 0 % )                       ;
; Total DSP Blocks                ; 0 / 87 ( 0 % )                              ;
; Total HSSI RX PCSs              ; 0                                           ;
; Total HSSI PMA RX Deserializers ; 0                                           ;
; Total HSSI TX PCSs              ; 0                                           ;
; Total HSSI TX Channels          ; 0                                           ;
; Total PLLs                      ; 0 / 6 ( 0 % )                               ;
; Total DLLs                      ; 0 / 4 ( 0 % )                               ;
+---------------------------------+---------------------------------------------+


+-----------------------------------------+
; Flow Settings                           ;
+-------------------+---------------------+
; Option            ; Setting             ;
+-------------------+---------------------+
; Start date & time ; 09/30/2022 19:04:03 ;
; Main task         ; Compilation         ;
; Revision Name     ; digital_tube        ;
+-------------------+---------------------+


+-----------------------------------------------------------------------------------------------------------------------------------------+
; Flow Non-Default Global Settings                                                                                                        ;
+--------------------------------------+---------------------------------------------+---------------+-------------+----------------------+
; Assignment Name                      ; Value                                       ; Default Value ; Entity Name ; Section Id           ;
+--------------------------------------+---------------------------------------------+---------------+-------------+----------------------+
; COMPILER_SIGNATURE_ID                ; 113780617489.166453584304420                ; --            ; --          ; --                   ;
; EDA_DESIGN_INSTANCE_NAME             ; NA                                          ; --            ; --          ; digital_tube_vlg_tst ;
; EDA_NATIVELINK_SIMULATION_TEST_BENCH ; digital_tube_vlg_tst                        ; --            ; --          ; eda_simulation       ;
; EDA_OUTPUT_DATA_FORMAT               ; Verilog Hdl                                 ; --            ; --          ; eda_simulation       ;
; EDA_SIMULATION_TOOL                  ; ModelSim (Verilog)                          ; <None>        ; --          ; --                   ;
; EDA_TEST_BENCH_ENABLE_STATUS         ; TEST_BENCH_MODE                             ; --            ; --          ; eda_simulation       ;
; EDA_TEST_BENCH_FILE                  ; simulation/modelsim/digital_tube_vlg_tst.vt ; --            ; --          ; digital_tube_vlg_tst ;
; EDA_TEST_BENCH_MODULE_NAME           ; digital_tube_vlg_tst                        ; --            ; --          ; digital_tube_vlg_tst ;
; EDA_TEST_BENCH_NAME                  ; digital_tube_vlg_tst                        ; --            ; --          ; eda_simulation       ;
; EDA_TIME_SCALE                       ; 1 ps                                        ; --            ; --          ; eda_simulation       ;
; MAX_CORE_JUNCTION_TEMP               ; 85                                          ; --            ; --          ; --                   ;
; MIN_CORE_JUNCTION_TEMP               ; 0                                           ; --            ; --          ; --                   ;
; PARTITION_COLOR                      ; 16764057                                    ; --            ; --          ; Top                  ;
; PARTITION_FITTER_PRESERVATION_LEVEL  ; PLACEMENT_AND_ROUTING                       ; --            ; --          ; Top                  ;
; PARTITION_NETLIST_TYPE               ; SOURCE                                      ; --            ; --          ; Top                  ;
; PROJECT_OUTPUT_DIRECTORY             ; output_files                                ; --            ; --          ; --                   ;
+--------------------------------------+---------------------------------------------+---------------+-------------+----------------------+


+-------------------------------------------------------------------------------------------------------------------------------+
; Flow Elapsed Time                                                                                                             ;
+---------------------------+--------------+-------------------------+---------------------+------------------------------------+
; Module Name               ; Elapsed Time ; Average Processors Used ; Peak Virtual Memory ; Total CPU Time (on all processors) ;
+---------------------------+--------------+-------------------------+---------------------+------------------------------------+
; Analysis & Synthesis      ; 00:00:01     ; 1.0                     ; 4708 MB             ; 00:00:01                           ;
; Fitter                    ; 00:00:20     ; 2.4                     ; 6364 MB             ; 00:00:38                           ;
; Assembler                 ; 00:00:08     ; 1.0                     ; 4766 MB             ; 00:00:07                           ;
; TimeQuest Timing Analyzer ; 00:00:03     ; 1.0                     ; 4981 MB             ; 00:00:04                           ;
; EDA Netlist Writer        ; 00:00:00     ; 1.0                     ; 4632 MB             ; 00:00:01                           ;
; Total                     ; 00:00:32     ; --                      ; --                  ; 00:00:51                           ;
+---------------------------+--------------+-------------------------+---------------------+------------------------------------+


+----------------------------------------------------------------------------------------+
; Flow OS Summary                                                                        ;
+---------------------------+------------------+-----------+------------+----------------+
; Module Name               ; Machine Hostname ; OS Name   ; OS Version ; Processor type ;
+---------------------------+------------------+-----------+------------+----------------+
; Analysis & Synthesis      ; DESKTOP-S709REQ  ; Windows 7 ; 6.2        ; x86_64         ;
; Fitter                    ; DESKTOP-S709REQ  ; Windows 7 ; 6.2        ; x86_64         ;
; Assembler                 ; DESKTOP-S709REQ  ; Windows 7 ; 6.2        ; x86_64         ;
; TimeQuest Timing Analyzer ; DESKTOP-S709REQ  ; Windows 7 ; 6.2        ; x86_64         ;
; EDA Netlist Writer        ; DESKTOP-S709REQ  ; Windows 7 ; 6.2        ; x86_64         ;
+---------------------------+------------------+-----------+------------+----------------+


------------
; Flow Log ;
------------
quartus_map --read_settings_files=on --write_settings_files=off digital_tube -c digital_tube
quartus_fit --read_settings_files=off --write_settings_files=off digital_tube -c digital_tube
quartus_asm --read_settings_files=off --write_settings_files=off digital_tube -c digital_tube
quartus_sta digital_tube -c digital_tube
quartus_eda --read_settings_files=off --write_settings_files=off digital_tube -c digital_tube



